<?xml version="1.0" encoding="UTF-8"?>
<testsuite name="GameScreenIntegrationTest" tests="1" skipped="0" failures="1" errors="0" timestamp="2020-06-26T13:52:29" hostname="ethan.lau-mbp-C02Z29FULVCG" time="0.436">
  <properties/>
  <testcase name="GivenPlayerSticksWithAWinningHand_WhenGamePlayed_ThenPlayerDeclaredWinner" classname="GameScreenIntegrationTest" time="0.436">
    <failure message="Wanted but not invoked:&#10;view.showHouseHand(Hand{cardValues=[9, 10]});&#10;-&gt; at GameScreenIntegrationTest.GivenPlayerSticksWithAWinningHand_WhenGamePlayed_ThenPlayerDeclaredWinner(GameScreenIntegrationTest.java:66)&#10;&#10;However, there were exactly 3 interactions with this mock:&#10;view.showStartingInstructions(&#10;    &quot;Press &quot;n&quot; to start a new blackjack game&quot;&#10;);&#10;-&gt; at GamePresenter.onStartScreen(GamePresenter.java:14)&#10;&#10;view.showHandPlayer(&#10;    Hand{cardValues=[10, 11]}&#10;);&#10;-&gt; at GamePresenter.onStartBlackJackGame(GamePresenter.java:21)&#10;&#10;view.showGameInstructions(&#10;    &quot;Press &quot;s&quot; to stick and &quot;t&quot; to twist&quot;&#10;);&#10;-&gt; at GamePresenter.onStartBlackJackGame(GamePresenter.java:22)&#10;&#10;" type="org.mockito.exceptions.verification.WantedButNotInvoked">Wanted but not invoked:
view.showHouseHand(Hand{cardValues=[9, 10]});
-&gt; at GameScreenIntegrationTest.GivenPlayerSticksWithAWinningHand_WhenGamePlayed_ThenPlayerDeclaredWinner(GameScreenIntegrationTest.java:66)

However, there were exactly 3 interactions with this mock:
view.showStartingInstructions(
    &quot;Press &quot;n&quot; to start a new blackjack game&quot;
);
-&gt; at GamePresenter.onStartScreen(GamePresenter.java:14)

view.showHandPlayer(
    Hand{cardValues=[10, 11]}
);
-&gt; at GamePresenter.onStartBlackJackGame(GamePresenter.java:21)

view.showGameInstructions(
    &quot;Press &quot;s&quot; to stick and &quot;t&quot; to twist&quot;
);
-&gt; at GamePresenter.onStartBlackJackGame(GamePresenter.java:22)


	at GameScreenIntegrationTest.GivenPlayerSticksWithAWinningHand_WhenGamePlayed_ThenPlayerDeclaredWinner(GameScreenIntegrationTest.java:66)
	at java.base/jdk.internal.reflect.NativeMethodAccessorImpl.invoke0(Native Method)
	at java.base/jdk.internal.reflect.NativeMethodAccessorImpl.invoke(NativeMethodAccessorImpl.java:62)
	at java.base/jdk.internal.reflect.DelegatingMethodAccessorImpl.invoke(DelegatingMethodAccessorImpl.java:43)
	at java.base/java.lang.reflect.Method.invoke(Method.java:566)
	at org.junit.runners.model.FrameworkMethod$1.runReflectiveCall(FrameworkMethod.java:50)
	at org.junit.internal.runners.model.ReflectiveCallable.run(ReflectiveCallable.java:12)
	at org.junit.runners.model.FrameworkMethod.invokeExplosively(FrameworkMethod.java:47)
	at org.junit.internal.runners.statements.InvokeMethod.evaluate(InvokeMethod.java:17)
	at org.junit.internal.runners.statements.RunBefores.evaluate(RunBefores.java:26)
	at org.junit.runners.ParentRunner.runLeaf(ParentRunner.java:325)
	at org.junit.runners.BlockJUnit4ClassRunner.runChild(BlockJUnit4ClassRunner.java:78)
	at org.junit.runners.BlockJUnit4ClassRunner.runChild(BlockJUnit4ClassRunner.java:57)
	at org.junit.runners.ParentRunner$3.run(ParentRunner.java:290)
	at org.junit.runners.ParentRunner$1.schedule(ParentRunner.java:71)
	at org.junit.runners.ParentRunner.runChildren(ParentRunner.java:288)
	at org.junit.runners.ParentRunner.access$000(ParentRunner.java:58)
	at org.junit.runners.ParentRunner$2.evaluate(ParentRunner.java:268)
	at org.junit.runners.ParentRunner.run(ParentRunner.java:363)
	at org.gradle.api.internal.tasks.testing.junit.JUnitTestClassExecutor.runTestClass(JUnitTestClassExecutor.java:110)
	at org.gradle.api.internal.tasks.testing.junit.JUnitTestClassExecutor.execute(JUnitTestClassExecutor.java:58)
	at org.gradle.api.internal.tasks.testing.junit.JUnitTestClassExecutor.execute(JUnitTestClassExecutor.java:38)
	at org.gradle.api.internal.tasks.testing.junit.AbstractJUnitTestClassProcessor.processTestClass(AbstractJUnitTestClassProcessor.java:62)
	at org.gradle.api.internal.tasks.testing.SuiteTestClassProcessor.processTestClass(SuiteTestClassProcessor.java:51)
	at java.base/jdk.internal.reflect.NativeMethodAccessorImpl.invoke0(Native Method)
	at java.base/jdk.internal.reflect.NativeMethodAccessorImpl.invoke(NativeMethodAccessorImpl.java:62)
	at java.base/jdk.internal.reflect.DelegatingMethodAccessorImpl.invoke(DelegatingMethodAccessorImpl.java:43)
	at java.base/java.lang.reflect.Method.invoke(Method.java:566)
	at org.gradle.internal.dispatch.ReflectionDispatch.dispatch(ReflectionDispatch.java:35)
	at org.gradle.internal.dispatch.ReflectionDispatch.dispatch(ReflectionDispatch.java:24)
	at org.gradle.internal.dispatch.ContextClassLoaderDispatch.dispatch(ContextClassLoaderDispatch.java:32)
	at org.gradle.internal.dispatch.ProxyDispatchAdapter$DispatchingInvocationHandler.invoke(ProxyDispatchAdapter.java:93)
	at com.sun.proxy.$Proxy2.processTestClass(Unknown Source)
	at org.gradle.api.internal.tasks.testing.worker.TestWorker.processTestClass(TestWorker.java:118)
	at java.base/jdk.internal.reflect.NativeMethodAccessorImpl.invoke0(Native Method)
	at java.base/jdk.internal.reflect.NativeMethodAccessorImpl.invoke(NativeMethodAccessorImpl.java:62)
	at java.base/jdk.internal.reflect.DelegatingMethodAccessorImpl.invoke(DelegatingMethodAccessorImpl.java:43)
	at java.base/java.lang.reflect.Method.invoke(Method.java:566)
	at org.gradle.internal.dispatch.ReflectionDispatch.dispatch(ReflectionDispatch.java:35)
	at org.gradle.internal.dispatch.ReflectionDispatch.dispatch(ReflectionDispatch.java:24)
	at org.gradle.internal.remote.internal.hub.MessageHubBackedObjectConnection$DispatchWrapper.dispatch(MessageHubBackedObjectConnection.java:175)
	at org.gradle.internal.remote.internal.hub.MessageHubBackedObjectConnection$DispatchWrapper.dispatch(MessageHubBackedObjectConnection.java:157)
	at org.gradle.internal.remote.internal.hub.MessageHub$Handler.run(MessageHub.java:404)
	at org.gradle.internal.concurrent.ExecutorPolicy$CatchAndRecordFailures.onExecute(ExecutorPolicy.java:63)
	at org.gradle.internal.concurrent.ManagedExecutorImpl$1.run(ManagedExecutorImpl.java:46)
	at java.base/java.util.concurrent.ThreadPoolExecutor.runWorker(ThreadPoolExecutor.java:1128)
	at java.base/java.util.concurrent.ThreadPoolExecutor$Worker.run(ThreadPoolExecutor.java:628)
	at org.gradle.internal.concurrent.ThreadFactoryImpl$ManagedThreadRunnable.run(ThreadFactoryImpl.java:55)
	at java.base/java.lang.Thread.run(Thread.java:834)
</failure>
  </testcase>
  <system-out><![CDATA[]]></system-out>
  <system-err><![CDATA[]]></system-err>
</testsuite>
