<?xml version="1.0" encoding="UTF-8"?>
<testsuite name="GameScreenIntegrationTest" tests="1" skipped="0" failures="0" errors="0" timestamp="2020-06-26T14:44:33" hostname="ethan.lau-mbp-C02Z29FULVCG" time="0.414">
  <properties/>
  <testcase name="GivenPlayerSticksWithAWinningHand_WhenGamePlayed_ThenPlayerDeclaredWinner" classname="GameScreenIntegrationTest" time="0.414"/>
  <system-out><![CDATA[]]></system-out>
  <system-err><![CDATA[]]></system-err>
</testsuite>
