<?xml version="1.0" encoding="UTF-8"?>
<testsuite name="GameTest" tests="9" skipped="0" failures="0" errors="0" timestamp="2020-06-26T14:56:32" hostname="ethan.lau-mbp-C02Z29FULVCG" time="0.003">
  <properties/>
  <testcase name="WhenDealCard_ThenCardDealt" classname="GameTest" time="0.0"/>
  <testcase name="GivenPlayerIsDealtHand_WhenTwist_ThenBust" classname="GameTest" time="0.0"/>
  <testcase name="WhenDealHand_ThenHandDealt" classname="GameTest" time="0.001"/>
  <testcase name="GivenPlayerIsDealtHandGreaterThan21_WhenIsBust_ThenIsBust" classname="GameTest" time="0.0"/>
  <testcase name="GivenHouseHasAtLeastThresholdAndBetterThanPlayer_WhenDetermineWinner_ThenHouseWins" classname="GameTest" time="0.001"/>
  <testcase name="GivenHouseHasAtLeastThresholdAndPlayerTwists_WhenDetermineWinner_ThenPlayerWins" classname="GameTest" time="0.0"/>
  <testcase name="GivenHouseHasAtLeastThresholdAndSameAsPlayer_WhenDetermineWinner_ThenHouseWins" classname="GameTest" time="0.001"/>
  <testcase name="GivenHouseHasAtLeastThresholdAndWorseThanPlayer_WhenDetermineWinner_ThenPlayerWins" classname="GameTest" time="0.0"/>
  <testcase name="GivenPlayerIsDealtHand_WhenIsBust_ThenIsNotBust" classname="GameTest" time="0.0"/>
  <system-out><![CDATA[]]></system-out>
  <system-err><![CDATA[]]></system-err>
</testsuite>
