<?xml version="1.0" encoding="UTF-8"?>
<testsuite name="GamePresenterTest" tests="4" skipped="0" failures="0" errors="0" timestamp="2020-06-26T14:56:32" hostname="ethan.lau-mbp-C02Z29FULVCG" time="0.062">
  <properties/>
  <testcase name="GivenNewGame_WhenOnStartScreen_ThenShowStartingInstructions" classname="GamePresenterTest" time="0.043"/>
  <testcase name="WhenOnStartBlackJackGame_ThenShowPlayerHandAndShowGameInstructions" classname="GamePresenterTest" time="0.012"/>
  <testcase name="GivenPlayerHandBeatsHouseHand_WhenOnStick_ThenShowHouseHandAndShowPlayerWinsAndShowPlayAgainInstructions" classname="GamePresenterTest" time="0.003"/>
  <testcase name="GivenHouseHandBeatsPlayerHand_WhenOnStick_ThenShowHouseHandAndShowHouseWinsAndShowPlayAgainInstructions" classname="GamePresenterTest" time="0.003"/>
  <system-out><![CDATA[]]></system-out>
  <system-err><![CDATA[]]></system-err>
</testsuite>
