<?xml version="1.0" encoding="UTF-8"?>
<testsuite name="HandTest" tests="3" skipped="0" failures="0" errors="0" timestamp="2020-06-26T14:56:32" hostname="ethan.lau-mbp-C02Z29FULVCG" time="0.001">
  <properties/>
  <testcase name="GivenValue_WhenSum_ThenReturnValue" classname="HandTest" time="0.001"/>
  <testcase name="GivenValues_WhenSum_ThenReturnTheSum" classname="HandTest" time="0.0"/>
  <testcase name="GivenNoValues_WhenSum_ThenReturn0" classname="HandTest" time="0.0"/>
  <system-out><![CDATA[]]></system-out>
  <system-err><![CDATA[]]></system-err>
</testsuite>
